[2026-04-21T17:01:15.919] [DEBUG] debug-file - env: nodejsVersion=v18.20.1
[2026-04-21T17:01:16.298] [DEBUG] debug-file - Hvigor init with startParameters:{
  hvigorfileTypeCheck: false,
  parallelExecution: true,
  incrementalExecution: true,
  printStackTrace: false,
  daemon: false,
  analyze: 0,
  logLevel: Level { level: 20000, levelStr: 'INFO', colour: 'green' },
  optimizationStrategy: 'memory',
  hotCompile: undefined,
  hotReloadBuild: undefined,
  customizedParam: undefined
}
[2026-04-21T17:01:18.117] [DEBUG] debug-file - hvigorfile, require result:  { default: { system: [Function: appTasks], plugins: [] } }
[2026-04-21T17:01:18.243] [DEBUG] debug-file - App plugin register hook start...
[2026-04-21T17:01:18.245] [DEBUG] debug-file - Start initialize project's product build option map with build mode debug.
[2026-04-21T17:01:18.258] [DEBUG] debug-file - Start recording SDK configuration permission data.
[2026-04-21T17:01:18.119] [DEBUG] debug-file - Starting plugin build process
[2026-04-21T17:01:18.249] [DEBUG] debug-file - Obtain build option for product 'default'in this build.
[2026-04-21T17:01:18.301] [DEBUG] debug-file - Project task initialization takes 6 ms 
[2026-04-21T17:01:18.320] [DEBUG] debug-file - Start initialize module-target build option map, moduleName=entry, buildMode=debug
[2026-04-21T17:01:18.308] [DEBUG] debug-file - failed to load cangjie to dynamically generate schemas: Error: Cannot find module '@ohos/cangjie-build-support/index'
Require stack:
- D:\DevEco Studio\tools\hvigor\hvigor-ohos-plugin\src\plugin\hooks\cangjie-register.js
- D:\DevEco Studio\tools\hvigor\hvigor-ohos-plugin\src\plugin\strategy\stage-init-strategy.js
- D:\DevEco Studio\tools\hvigor\hvigor-ohos-plugin\src\plugin\builder\abstract-plugin-builder.js
- D:\DevEco Studio\tools\hvigor\hvigor-ohos-plugin\src\plugin\builder\app-plugin-builder.js
- D:\DevEco Studio\tools\hvigor\hvigor-ohos-plugin\src\plugin\factory\plugin-factory.js
- D:\DevEco Studio\tools\hvigor\hvigor-ohos-plugin\index.js
- D:\open\custom-canvas-master\custom-canvas-master\hvigorfile.ts
- D:\DevEco Studio\tools\hvigor\hvigor\src\base\internal\lifecycle\configuration.js
- D:\DevEco Studio\tools\hvigor\hvigor\src\base\boot\index.js
- D:\DevEco Studio\tools\hvigor\hvigor\src\cli\main\cli.js
- D:\DevEco Studio\tools\hvigor\hvigor\bin\hvigor.js
[2026-04-21T17:01:18.326] [DEBUG] debug-file - project has submodules:entry
[2026-04-21T17:01:15.920] [DEBUG] debug-file - env: hvigor-config.json5 content = {
  modelVersion: '5.0.0',
  dependencies: {},
  execution: {},
  logging: {},
  debugging: {},
  nodeOptions: {}
}
[2026-04-21T17:01:18.328] [DEBUG] debug-file - start to load updatedOhPackageInfo to the disk
[2026-04-21T17:01:18.348] [DEBUG] debug-file - entry : clean cost memory 0.11083221435546875
[2026-04-21T17:01:18.341] [DEBUG] debug-file - Start to initialize dependency information.
[2026-04-21T17:01:18.369] [DEBUG] debug-file - Create  resident worker with id: 0.
[2026-04-21T17:01:16.298] [DEBUG] debug-file - Since current hvigor version 6.22.4 differs from last hvigor version 
      undefined, delete file-cache.json and task-cache.json.
[2026-04-21T17:01:18.117] [DEBUG] debug-file - hvigorfile, binding system plugins [Function: appTasks]
[2026-04-21T17:01:18.243] [DEBUG] debug-file - App plugin register hook end...
[2026-04-21T17:01:18.245] [DEBUG] debug-file - Picking option from product 'default' with build mode 'debug'.
[2026-04-21T17:01:18.293] [DEBUG] debug-file - Sdk init in 42 ms 
[2026-04-21T17:01:18.119] [DEBUG] debug-file - App plugin prepare start...
[2026-04-21T17:01:18.250] [DEBUG] debug-file - No signingConfig found, initRemoteHspCache failed.
[2026-04-21T17:01:18.301] [DEBUG] debug-file - hvigorfile, binding custom plugins []
[2026-04-21T17:01:18.320] [DEBUG] debug-file - Target 'default' config initialized
[2026-04-21T17:01:15.922] [DEBUG] debug-file - env: daemon=false
[2026-04-21T17:01:18.338] [DEBUG] debug-file - load to the disk finished
[2026-04-21T17:01:18.348] [DEBUG] debug-file - runTaskFromQueue task cost before running: 2 s 59 ms 
[2026-04-21T17:01:18.343] [DEBUG] debug-file - Module entry Collected Dependency: 
[2026-04-21T17:01:18.371] [DEBUG] debug-file - Create  resident worker with id: 1.
[2026-04-21T17:01:16.299] [DEBUG] debug-file - Cache service initialization finished in 1 ms 
[2026-04-21T17:01:18.243] [DEBUG] debug-file - Plugin build process completed
[2026-04-21T17:01:18.245] [DEBUG] debug-file - Product 'default' build option initialized
[2026-04-21T17:01:18.119] [DEBUG] debug-file - App plugin prepare end...
[2026-04-21T17:01:18.252] [DEBUG] debug-file - Local scan or download HarmonyOS sdk components toolchains,ets,js,native,previewer
[2026-04-21T17:01:18.301] [DEBUG] debug-file - hvigorfile, no custom plugins were found in D:\open\custom-canvas-master\custom-canvas-master\hvigorfile.ts
[2026-04-21T17:01:18.320] [DEBUG] debug-file - Module 'entry' target 'default' build option initialized
[2026-04-21T17:01:15.922] [DEBUG] debug-file - no-daemon, use the parent process.execArgv --max-old-space-size=8192,--max-semi-space-size=16,--expose-gc
[2026-04-21T17:01:18.338] [DEBUG] debug-file - Start to initialize dependency information.
[2026-04-21T17:01:18.349] [INFO] debug-file - Finished :entry:clean... after 2 ms 
[2026-04-21T17:01:18.343] [DEBUG] debug-file - Module entry's total dependency: 0
[2026-04-21T17:01:18.372] [DEBUG] debug-file - Current worker pool is stopped or closed.
[2026-04-21T17:01:16.300] [DEBUG] debug-file - hvigorfile, resolving D:\open\custom-canvas-master\custom-canvas-master\hvigorfile.ts
[2026-04-21T17:01:18.245] [DEBUG] debug-file - End initialize project's product build option map with build mode 'debug'.
[2026-04-21T17:01:18.119] [DEBUG] debug-file - App plugin creating...
[2026-04-21T17:01:18.254] [DEBUG] debug-file - Local scan or download hmscore sdk components toolchains,ets,native
[2026-04-21T17:01:18.320] [DEBUG] debug-file - End initialize module-target build option map, moduleName=entry
[2026-04-21T17:01:18.349] [DEBUG] debug-file - Executing task ::clean
[2026-04-21T17:01:18.301] [DEBUG] debug-file - hvigorfile, resolve finished D:\open\custom-canvas-master\custom-canvas-master\hvigorfile.ts
[2026-04-21T17:01:18.345] [DEBUG] debug-file - Configuration phase cost:2 s 46 ms 
[2026-04-21T17:01:18.372] [DEBUG] debug-file - Clear worker 0.
[2026-04-21T17:01:18.340] [DEBUG] debug-file - Module custom-canvas-master Collected Dependency: 
[2026-04-21T17:01:18.320] [DEBUG] debug-file - Start initialize module-target build option map, moduleName=entry, buildMode=release
[2026-04-21T17:01:18.349] [DEBUG] debug-file - clean: Worker pool is inactive.
[2026-04-21T17:01:18.301] [DEBUG] debug-file - hvigorfile, resolving D:\open\custom-canvas-master\custom-canvas-master\entry\hvigorfile.ts
[2026-04-21T17:01:18.346] [DEBUG] debug-file - Configuration task cost before running: 2 s 57 ms 
[2026-04-21T17:01:18.372] [DEBUG] debug-file - Worker 0 has been cleared.
[2026-04-21T17:01:18.340] [DEBUG] debug-file - Module custom-canvas-master's total dependency: 0
[2026-04-21T17:01:18.321] [DEBUG] debug-file - Target 'default' config initialized
[2026-04-21T17:01:18.349] [DEBUG] debug-file - custom-canvas-master : clean cost memory 0.020050048828125
[2026-04-21T17:01:18.306] [DEBUG] debug-file - hvigorfile, require result:  { default: { system: [Function: hapTasks], plugins: [] } }
[2026-04-21T17:01:18.347] [DEBUG] debug-file - Executing task :entry:clean
[2026-04-21T17:01:18.372] [DEBUG] debug-file - Current idle worker size: 1.
[2026-04-21T17:01:18.349] [DEBUG] debug-file - runTaskFromQueue task cost before running: 2 s 60 ms 
[2026-04-21T17:01:18.321] [DEBUG] debug-file - Module 'entry' target 'default' build option initialized
[2026-04-21T17:01:18.306] [DEBUG] debug-file - hvigorfile, binding system plugins [Function: hapTasks]
[2026-04-21T17:01:18.347] [DEBUG] debug-file - clean: Worker pool is inactive.
[2026-04-21T17:01:18.372] [DEBUG] debug-file - Current busy worker size: 0.
[2026-04-21T17:01:18.349] [INFO] debug-file - Finished ::clean... after 1 ms 
[2026-04-21T17:01:18.321] [DEBUG] debug-file - End initialize module-target build option map, moduleName=entry
[2026-04-21T17:01:18.306] [DEBUG] debug-file - Starting plugin build process
[2026-04-21T17:01:18.372] [DEBUG] debug-file - Clear worker 1.
[2026-04-21T17:01:18.349] [DEBUG] debug-file - Executing task :entry:init
[2026-04-21T17:01:18.321] [DEBUG] debug-file - Start initialize module-target build option map, moduleName=entry, buildMode=debug
[2026-04-21T17:01:18.306] [DEBUG] debug-file - Hap plugin creating...
[2026-04-21T17:01:18.372] [DEBUG] debug-file - Worker 1 has been cleared.
[2026-04-21T17:01:18.350] [DEBUG] debug-file - entry : init cost memory 0.01265716552734375
[2026-04-21T17:01:18.321] [DEBUG] debug-file - Target 'default' config initialized
[2026-04-21T17:01:18.372] [DEBUG] debug-file - Current idle worker size: 0.
[2026-04-21T17:01:18.321] [DEBUG] debug-file - Module 'entry' target 'default' build option initialized
[2026-04-21T17:01:18.350] [DEBUG] debug-file - runTaskFromQueue task cost before running: 2 s 60 ms 
[2026-04-21T17:01:18.372] [DEBUG] debug-file - Current busy worker size: 0.
[2026-04-21T17:01:18.321] [DEBUG] debug-file - End initialize module-target build option map, moduleName=entry
[2026-04-21T17:01:18.350] [INFO] debug-file - Finished :entry:init... after 1 ms 
[2026-04-21T17:01:18.373] [DEBUG] debug-file - hvigor build process will be closed.
[2026-04-21T17:01:18.321] [DEBUG] debug-file - Obtain build option for module 'entry' target 'default'in this build.
[2026-04-21T17:01:18.350] [DEBUG] debug-file - Executing task ::init
[2026-04-21T17:01:18.376] [DEBUG] debug-file - worker[0] exits with exit code 0.
[2026-04-21T17:01:18.324] [DEBUG] debug-file - Module entry task initialization takes 3 ms 
[2026-04-21T17:01:18.350] [DEBUG] debug-file - custom-canvas-master : init cost memory 0.01143646240234375
[2026-04-21T17:01:18.376] [DEBUG] debug-file - worker[1] exits with exit code 0.
[2026-04-21T17:01:18.325] [DEBUG] debug-file - Hap plugin register hook start...
[2026-04-21T17:01:18.350] [DEBUG] debug-file - runTaskFromQueue task cost before running: 2 s 60 ms 
[2026-04-21T17:01:18.377] [DEBUG] debug-file - Current worker pool is terminated.
[2026-04-21T17:01:18.325] [DEBUG] debug-file - Hap plugin register hook end...
[2026-04-21T17:01:18.350] [INFO] debug-file - Finished ::init... after 1 ms 
[2026-04-21T17:01:18.325] [DEBUG] debug-file - Plugin build process completed
[2026-04-21T17:01:18.359] [DEBUG] debug-file - Obtain build option for module 'entry' target 'default'in this build.
[2026-04-21T17:01:18.325] [DEBUG] debug-file - hvigorfile, binding custom plugins []
[2026-04-21T17:01:18.367] [DEBUG] debug-file - Since there is no instance or instance is terminated, create a new worker pool.
[2026-04-21T17:01:18.325] [DEBUG] debug-file - hvigorfile, no custom plugins were found in D:\open\custom-canvas-master\custom-canvas-master\entry\hvigorfile.ts
[2026-04-21T17:01:18.367] [DEBUG] debug-file - Worker pool is initialized with config:  {
  minPoolNum: 2,
  maxPoolNum: undefined,
  maxCoreSize: undefined,
  cacheCapacity: undefined,
  cacheTtl: undefined
}
[2026-04-21T17:01:18.325] [DEBUG] debug-file - hvigorfile, resolve finished D:\open\custom-canvas-master\custom-canvas-master\entry\hvigorfile.ts
[2026-04-21T17:01:23.547] [DEBUG] debug-file - env: nodejsVersion=v18.20.1
[2026-04-21T17:01:23.601] [DEBUG] debug-file - env: daemon=true
[2026-04-21T17:01:23.548] [DEBUG] debug-file - env: hvigor-config.json5 content = {
  modelVersion: '5.0.0',
  dependencies: {},
  execution: {},
  logging: {},
  debugging: {},
  nodeOptions: {}
}
[2026-04-21T17:01:24.354] [DEBUG] debug-file - java daemon tryConnect failed Error: connect ECONNREFUSED 127.0.0.1:45050
[2026-04-21T17:01:24.358] [DEBUG] debug-file - java daemon started at port 45050 pid 20092
[2026-04-21T17:01:24.378] [DEBUG] debug-file - session manager: set active socket. socketId=vfbPHEmrji8h5_nkAAAB
[2026-04-21T17:01:25.115] [DEBUG] debug-file - watch worker: worker id should be larger than 0. Nothing will be sent to any worker thread.
[2026-04-21T17:01:25.119] [DEBUG] debug-file - Since there is no instance or instance is terminated, create a new worker pool.
[2026-04-21T17:01:25.120] [DEBUG] debug-file - Worker pool is initialized with config:  {
  minPoolNum: 2,
  maxPoolNum: undefined,
  maxCoreSize: undefined,
  cacheCapacity: undefined,
  cacheTtl: undefined
}
[2026-04-21T17:01:25.121] [DEBUG] debug-file - Create  resident worker with id: 0.
[2026-04-21T17:01:25.123] [DEBUG] debug-file - Create  resident worker with id: 1.
[2026-04-21T17:01:25.125] [DEBUG] debug-file - Workers' log level updated to INFO
[2026-04-21T17:01:25.131] [DEBUG] debug-file - Hvigor init with startParameters:{
  hvigorfileTypeCheck: false,
  parallelExecution: true,
  incrementalExecution: true,
  printStackTrace: false,
  daemon: true,
  analyze: 0,
  logLevel: Level { level: 20000, levelStr: 'INFO', colour: 'green' },
  optimizationStrategy: 'memory',
  hotCompile: undefined,
  hotReloadBuild: undefined,
  customizedParam: undefined
}
[2026-04-21T17:01:25.132] [DEBUG] debug-file - Cache service initialization finished in 1 ms 
[2026-04-21T17:01:25.134] [DEBUG] debug-file - hvigorfile, resolving D:\open\custom-canvas-master\custom-canvas-master\hvigorfile.ts
[2026-04-21T17:01:27.106] [DEBUG] debug-file - hvigorfile, require result:  { default: { plugins: [] } }
[2026-04-21T17:01:27.106] [DEBUG] debug-file - hvigorfile, binding system plugins null
[2026-04-21T17:01:27.107] [DEBUG] debug-file - Starting plugin build process
[2026-04-21T17:01:27.107] [DEBUG] debug-file - App plugin prepare start...
[2026-04-21T17:01:27.107] [DEBUG] debug-file - App plugin prepare end...
[2026-04-21T17:01:27.107] [DEBUG] debug-file - App plugin creating...
[2026-04-21T17:01:27.272] [DEBUG] debug-file - App plugin register hook start...
[2026-04-21T17:01:27.272] [DEBUG] debug-file - App plugin register hook end...
[2026-04-21T17:01:27.272] [DEBUG] debug-file - Plugin build process completed
[2026-04-21T17:01:27.273] [DEBUG] debug-file - Start initialize project's product build option map with build mode debug.
[2026-04-21T17:01:27.273] [DEBUG] debug-file - Picking option from product 'default' with build mode 'debug'.
[2026-04-21T17:01:27.273] [DEBUG] debug-file - Product 'default' build option initialized
[2026-04-21T17:01:27.273] [DEBUG] debug-file - End initialize project's product build option map with build mode 'debug'.
[2026-04-21T17:01:27.276] [DEBUG] debug-file - Obtain build option for product 'default'in this build.
[2026-04-21T17:01:27.277] [DEBUG] debug-file - No signingConfig found, initRemoteHspCache failed.
[2026-04-21T17:01:27.279] [DEBUG] debug-file - Local scan or download HarmonyOS sdk components toolchains,ets,js,native,previewer
[2026-04-21T17:01:27.282] [DEBUG] debug-file - Local scan or download hmscore sdk components toolchains,ets,native
[2026-04-21T17:01:27.284] [DEBUG] debug-file - Start recording SDK configuration permission data.
[2026-04-21T17:01:27.315] [DEBUG] debug-file - Sdk init in 37 ms 
[2026-04-21T17:01:27.320] [DEBUG] debug-file - Project task initialization takes 5 ms 
[2026-04-21T17:01:27.321] [DEBUG] debug-file - hvigorfile, binding custom plugins []
[2026-04-21T17:01:27.321] [DEBUG] debug-file - hvigorfile, no custom plugins were found in D:\open\custom-canvas-master\custom-canvas-master\hvigorfile.ts
[2026-04-21T17:01:27.321] [DEBUG] debug-file - hvigorfile, resolve finished D:\open\custom-canvas-master\custom-canvas-master\hvigorfile.ts
[2026-04-21T17:01:27.321] [DEBUG] debug-file - hvigorfile, resolving D:\open\custom-canvas-master\custom-canvas-master\entry\hvigorfile.ts
[2026-04-21T17:01:27.329] [DEBUG] debug-file - hvigorfile, require result:  { default: { plugins: [] } }
[2026-04-21T17:01:27.329] [DEBUG] debug-file - hvigorfile, binding system plugins null
[2026-04-21T17:01:27.330] [DEBUG] debug-file - Starting plugin build process
[2026-04-21T17:01:27.330] [DEBUG] debug-file - Hap plugin creating...
[2026-04-21T17:01:27.331] [DEBUG] debug-file - failed to load cangjie to dynamically generate schemas: Error: Cannot find module '@ohos/cangjie-build-support/index'
Require stack:
- D:\DevEco Studio\tools\hvigor\hvigor-ohos-plugin\src\plugin\hooks\cangjie-register.js
- D:\DevEco Studio\tools\hvigor\hvigor-ohos-plugin\src\plugin\strategy\stage-init-strategy.js
- D:\DevEco Studio\tools\hvigor\hvigor-ohos-plugin\src\plugin\builder\abstract-plugin-builder.js
- D:\DevEco Studio\tools\hvigor\hvigor-ohos-plugin\src\plugin\builder\app-plugin-builder.js
- D:\DevEco Studio\tools\hvigor\hvigor-ohos-plugin\src\plugin\factory\plugin-factory.js
- D:\DevEco Studio\tools\hvigor\hvigor-ohos-plugin\index.js
- D:\open\custom-canvas-master\custom-canvas-master\hvigorfile.ts
- D:\DevEco Studio\tools\hvigor\hvigor\src\base\internal\lifecycle\configuration.js
- D:\DevEco Studio\tools\hvigor\hvigor\src\base\boot\index.js
- D:\DevEco Studio\tools\hvigor\hvigor\src\base\daemon\cluster\worker-process-lifecycle.js
- D:\DevEco Studio\tools\hvigor\hvigor\src\base\daemon\process\daemon-process-boot-script.js
[2026-04-21T17:01:27.347] [DEBUG] debug-file - Start initialize module-target build option map, moduleName=entry, buildMode=debug
[2026-04-21T17:01:27.347] [DEBUG] debug-file - Target 'default' config initialized
[2026-04-21T17:01:27.348] [DEBUG] debug-file - Module 'entry' target 'default' build option initialized
[2026-04-21T17:01:27.348] [DEBUG] debug-file - End initialize module-target build option map, moduleName=entry
[2026-04-21T17:01:27.348] [DEBUG] debug-file - Start initialize module-target build option map, moduleName=entry, buildMode=release
[2026-04-21T17:01:27.348] [DEBUG] debug-file - Target 'default' config initialized
[2026-04-21T17:01:27.349] [DEBUG] debug-file - Module 'entry' target 'default' build option initialized
[2026-04-21T17:01:27.349] [DEBUG] debug-file - End initialize module-target build option map, moduleName=entry
[2026-04-21T17:01:27.349] [DEBUG] debug-file - Start initialize module-target build option map, moduleName=entry, buildMode=debug
[2026-04-21T17:01:27.349] [DEBUG] debug-file - Target 'default' config initialized
[2026-04-21T17:01:27.349] [DEBUG] debug-file - Module 'entry' target 'default' build option initialized
[2026-04-21T17:01:27.349] [DEBUG] debug-file - End initialize module-target build option map, moduleName=entry
[2026-04-21T17:01:27.349] [DEBUG] debug-file - Obtain build option for module 'entry' target 'default'in this build.
[2026-04-21T17:01:27.355] [DEBUG] debug-file - Module entry task initialization takes 5 ms 
[2026-04-21T17:01:27.355] [DEBUG] debug-file - Hap plugin register hook start...
[2026-04-21T17:01:27.355] [DEBUG] debug-file - Hap plugin register hook end...
[2026-04-21T17:01:27.355] [DEBUG] debug-file - Plugin build process completed
[2026-04-21T17:01:27.355] [DEBUG] debug-file - hvigorfile, binding custom plugins []
[2026-04-21T17:01:27.355] [DEBUG] debug-file - hvigorfile, no custom plugins were found in D:\open\custom-canvas-master\custom-canvas-master\entry\hvigorfile.ts
[2026-04-21T17:01:27.355] [DEBUG] debug-file - hvigorfile, resolve finished D:\open\custom-canvas-master\custom-canvas-master\entry\hvigorfile.ts
[2026-04-21T17:01:27.370] [DEBUG] debug-file - hvigorfile, resolve hvigorfile dependencies in 15 ms 
[2026-04-21T17:01:27.370] [DEBUG] debug-file - project has submodules:entry
[2026-04-21T17:01:27.373] [DEBUG] debug-file - start to load updatedOhPackageInfo to the disk
[2026-04-21T17:01:27.378] [DEBUG] debug-file - load to the disk finished
[2026-04-21T17:01:27.379] [DEBUG] debug-file - Start to initialize dependency information.
[2026-04-21T17:01:27.381] [DEBUG] debug-file - Module custom-canvas-master Collected Dependency: 
[2026-04-21T17:01:27.381] [DEBUG] debug-file - Module custom-canvas-master's total dependency: 0
[2026-04-21T17:01:27.383] [DEBUG] debug-file - Start to initialize dependency information.
[2026-04-21T17:01:27.386] [DEBUG] debug-file - Module entry Collected Dependency: 
[2026-04-21T17:01:27.386] [DEBUG] debug-file - Module entry's total dependency: 0
[2026-04-21T17:01:27.391] [DEBUG] debug-file - Configuration phase cost:2 s 259 ms 
[2026-04-21T17:01:27.393] [DEBUG] debug-file - Configuration task cost before running: 2 s 268 ms 
[2026-04-21T17:01:27.399] [DEBUG] debug-file - Executing task :entry:default@PreBuild
[2026-04-21T17:01:27.401] [DEBUG] debug-file - Task 'entry:default@PreBuild' cost while wrapping incremental declarations: 1 ms 
[2026-04-21T17:01:27.520] [DEBUG] debug-file - current product is not Atomic service.
[2026-04-21T17:01:27.521] [DEBUG] debug-file - Use tool [win32: JAVA_HOME, CLASSPATH]
 [ { JAVA_HOME: 'D:\\DevEco Studio\\jbr' }, { CLASSPATH: undefined } ]
[2026-04-21T17:01:27.521] [DEBUG] debug-file - Use tool [win32: NODE_HOME]
 [ { NODE_HOME: 'D:\\DevEco Studio\\tools\\node' } ]
[2026-04-21T17:01:27.521] [DEBUG] debug-file - entry : default@PreBuild cost memory 4.25579833984375
[2026-04-21T17:01:27.521] [DEBUG] debug-file - runTaskFromQueue task cost before running: 2 s 396 ms 
[2026-04-21T17:01:27.525] [INFO] debug-file - Finished :entry:default@PreBuild... after 123 ms 
[2026-04-21T17:01:27.526] [DEBUG] debug-file - Executing task :entry:default@CreateModuleInfo
[2026-04-21T17:01:27.527] [DEBUG] debug-file - Task 'entry:default@CreateModuleInfo' cost while wrapping incremental declarations: 1 ms 
[2026-04-21T17:01:27.527] [DEBUG] debug-file - entry : default@CreateModuleInfo cost memory 0.04285430908203125
[2026-04-21T17:01:27.527] [DEBUG] debug-file - runTaskFromQueue task cost before running: 2 s 402 ms 
[2026-04-21T17:01:27.527] [INFO] debug-file - Finished :entry:default@CreateModuleInfo... after 1 ms 
[2026-04-21T17:01:27.529] [DEBUG] debug-file - Executing task :entry:default@GenerateMetadata
[2026-04-21T17:01:27.529] [DEBUG] debug-file - Task 'entry:default@GenerateMetadata' cost while wrapping incremental declarations: 1 ms 
[2026-04-21T17:01:27.532] [DEBUG] debug-file - entry : default@GenerateMetadata cost memory 0.0648956298828125
[2026-04-21T17:01:27.532] [DEBUG] debug-file - runTaskFromQueue task cost before running: 2 s 407 ms 
[2026-04-21T17:01:27.532] [INFO] debug-file - Finished :entry:default@GenerateMetadata... after 4 ms 
[2026-04-21T17:01:27.533] [DEBUG] debug-file - Executing task :entry:default@ConfigureCmake
[2026-04-21T17:01:27.533] [DEBUG] debug-file - entry : default@ConfigureCmake cost memory 0.01450347900390625
[2026-04-21T17:01:27.534] [DEBUG] debug-file - runTaskFromQueue task cost before running: 2 s 409 ms 
[2026-04-21T17:01:27.534] [INFO] debug-file - Finished :entry:default@ConfigureCmake... after 1 ms 
[2026-04-21T17:01:27.535] [DEBUG] debug-file - Executing task :entry:default@MergeProfile
[2026-04-21T17:01:27.535] [DEBUG] debug-file - Task 'entry:default@MergeProfile' cost while wrapping incremental declarations: 1 ms 
[2026-04-21T17:01:27.536] [DEBUG] debug-file - Change app api release type with 'Release'
[2026-04-21T17:01:27.536] [DEBUG] debug-file - Change app compile API version with '6.0.2.130'
[2026-04-21T17:01:27.536] [DEBUG] debug-file - Change app target API version with '50005017'
[2026-04-21T17:01:27.536] [DEBUG] debug-file - Change app minimum API version with '50005017'
[2026-04-21T17:01:27.536] [DEBUG] debug-file - Use cli appEnvironment
[2026-04-21T17:01:27.538] [DEBUG] debug-file - entry : default@MergeProfile cost memory 0.393280029296875
[2026-04-21T17:01:27.538] [DEBUG] debug-file - runTaskFromQueue task cost before running: 2 s 413 ms 
[2026-04-21T17:01:27.538] [INFO] debug-file - Finished :entry:default@MergeProfile... after 4 ms 
[2026-04-21T17:01:27.540] [DEBUG] debug-file - Executing task :entry:default@CreateBuildProfile
[2026-04-21T17:01:27.540] [DEBUG] debug-file - Task 'entry:default@CreateBuildProfile' cost while wrapping incremental declarations: 1 ms 
[2026-04-21T17:01:27.542] [DEBUG] debug-file - entry : default@CreateBuildProfile cost memory 0.06717681884765625
[2026-04-21T17:01:27.542] [DEBUG] debug-file - runTaskFromQueue task cost before running: 2 s 417 ms 
[2026-04-21T17:01:27.543] [INFO] debug-file - Finished :entry:default@CreateBuildProfile... after 3 ms 
[2026-04-21T17:01:27.544] [DEBUG] debug-file - Executing task :entry:default@PreCheckSyscap
[2026-04-21T17:01:27.544] [DEBUG] debug-file - entry : default@PreCheckSyscap cost memory 0.01471710205078125
[2026-04-21T17:01:27.544] [DEBUG] debug-file - runTaskFromQueue task cost before running: 2 s 419 ms 
[2026-04-21T17:01:27.545] [INFO] debug-file - Finished :entry:default@PreCheckSyscap... after 1 ms 
[2026-04-21T17:01:27.547] [DEBUG] debug-file - Executing task :entry:default@GeneratePkgContextInfo
[2026-04-21T17:01:27.553] [DEBUG] debug-file - Task 'entry:default@GeneratePkgContextInfo' cost while wrapping incremental declarations: 1 ms 
[2026-04-21T17:01:27.554] [DEBUG] debug-file - entry : default@GeneratePkgContextInfo cost memory 0.22808074951171875
[2026-04-21T17:01:27.554] [DEBUG] debug-file - runTaskFromQueue task cost before running: 2 s 429 ms 
[2026-04-21T17:01:27.554] [INFO] debug-file - Finished :entry:default@GeneratePkgContextInfo... after 8 ms 
[2026-04-21T17:01:27.557] [DEBUG] debug-file - Executing task :entry:default@ProcessIntegratedHsp
[2026-04-21T17:01:27.557] [DEBUG] debug-file - entry : default@ProcessIntegratedHsp cost memory 0.0298614501953125
[2026-04-21T17:01:27.557] [DEBUG] debug-file - runTaskFromQueue task cost before running: 2 s 432 ms 
[2026-04-21T17:01:27.557] [INFO] debug-file - Finished :entry:default@ProcessIntegratedHsp... after 1 ms 
[2026-04-21T17:01:27.559] [DEBUG] debug-file - Executing task :entry:default@BuildNativeWithCmake
[2026-04-21T17:01:27.559] [DEBUG] debug-file - entry : default@BuildNativeWithCmake cost memory 0.014862060546875
[2026-04-21T17:01:27.559] [DEBUG] debug-file - runTaskFromQueue task cost before running: 2 s 434 ms 
[2026-04-21T17:01:27.559] [INFO] debug-file - Finished :entry:default@BuildNativeWithCmake... after 1 ms 
[2026-04-21T17:01:27.560] [DEBUG] debug-file - Executing task :entry:default@MakePackInfo
[2026-04-21T17:01:27.562] [DEBUG] debug-file - Module Pack Info:  {
  summary: {
    app: { bundleName: 'c***s', bundleType: 'app', version: [Object] },
    modules: [ [Object] ]
  },
  packages: [
    {
      deviceType: [Array],
      moduleType: 'entry',
      deliveryWithInstall: true,
      name: 'entry-default'
    }
  ]
}
[2026-04-21T17:01:27.563] [DEBUG] debug-file - entry : default@MakePackInfo cost memory 0.1007843017578125
[2026-04-21T17:01:27.563] [DEBUG] debug-file - runTaskFromQueue task cost before running: 2 s 438 ms 
[2026-04-21T17:01:27.563] [INFO] debug-file - Finished :entry:default@MakePackInfo... after 3 ms 
[2026-04-21T17:01:27.564] [DEBUG] debug-file - Executing task :entry:default@SyscapTransform
[2026-04-21T17:01:27.565] [DEBUG] debug-file - File: 'D:\open\custom-canvas-master\custom-canvas-master\entry\src\main\syscap.json' from 'sysCapJsonPath' is not exists, just ignore.
[2026-04-21T17:01:27.565] [DEBUG] debug-file - Task 'entry:default@SyscapTransform' cost while wrapping incremental declarations: 1 ms 
[2026-04-21T17:01:27.566] [DEBUG] debug-file - entry : default@SyscapTransform cost memory 0.2871551513671875
[2026-04-21T17:01:27.566] [DEBUG] debug-file - runTaskFromQueue task cost before running: 2 s 441 ms 
[2026-04-21T17:01:27.566] [INFO] debug-file - Finished :entry:default@SyscapTransform... after 2 ms 
[2026-04-21T17:01:27.567] [DEBUG] debug-file - Executing task :entry:default@ProcessProfile
[2026-04-21T17:01:27.569] [DEBUG] debug-file - Task 'entry:default@ProcessProfile' cost while wrapping incremental declarations: 1 ms 
[2026-04-21T17:01:27.570] [DEBUG] debug-file - [
  'D:\\DevEco Studio\\tools\\node\\node.exe',
  'D:\\DevEco Studio\\sdk\\default\\openharmony\\ets\\build-tools\\ets-loader\\bin\\ark\\ts2abc.js',
  '--target-api-version',
  '17'
]
[2026-04-21T17:01:27.665] [DEBUG] debug-file - 12.0.6.0
[2026-04-21T17:01:27.667] [DEBUG] debug-file - No need to add fake ui ability because of not in preview process.
[2026-04-21T17:01:27.669] [DEBUG] debug-file - entry : default@ProcessProfile cost memory -8.7608642578125
[2026-04-21T17:01:27.669] [DEBUG] debug-file - runTaskFromQueue task cost before running: 2 s 544 ms 
[2026-04-21T17:01:27.669] [INFO] debug-file - Finished :entry:default@ProcessProfile... after 102 ms 
[2026-04-21T17:01:27.671] [DEBUG] debug-file - Executing task :entry:default@ProcessRouterMap
[2026-04-21T17:01:27.674] [DEBUG] debug-file - entry : default@ProcessRouterMap cost memory 0.087371826171875
[2026-04-21T17:01:27.674] [DEBUG] debug-file - runTaskFromQueue task cost before running: 2 s 549 ms 
[2026-04-21T17:01:27.675] [INFO] debug-file - Finished :entry:default@ProcessRouterMap... after 4 ms 
[2026-04-21T17:01:27.676] [DEBUG] debug-file - Executing task :entry:default@ProcessShareConfig
[2026-04-21T17:01:27.678] [DEBUG] debug-file - entry : default@ProcessShareConfig cost memory 0.06784820556640625
[2026-04-21T17:01:27.679] [DEBUG] debug-file - runTaskFromQueue task cost before running: 2 s 554 ms 
[2026-04-21T17:01:27.679] [INFO] debug-file - Finished :entry:default@ProcessShareConfig... after 3 ms 
[2026-04-21T17:01:27.680] [DEBUG] debug-file - Executing task :entry:default@ProcessStartupConfig
[2026-04-21T17:01:27.680] [DEBUG] debug-file - Task 'entry:default@ProcessStartupConfig' cost while wrapping incremental declarations: 1 ms 
[2026-04-21T17:01:27.681] [DEBUG] debug-file - entry : default@ProcessStartupConfig cost memory 0.06186676025390625
[2026-04-21T17:01:27.681] [DEBUG] debug-file - runTaskFromQueue task cost before running: 2 s 556 ms 
[2026-04-21T17:01:27.681] [INFO] debug-file - Finished :entry:default@ProcessStartupConfig... after 1 ms 
[2026-04-21T17:01:27.682] [DEBUG] debug-file - Executing task :entry:default@BuildNativeWithNinja
[2026-04-21T17:01:27.683] [DEBUG] debug-file - entry : default@BuildNativeWithNinja cost memory 0.058837890625
[2026-04-21T17:01:27.683] [DEBUG] debug-file - runTaskFromQueue task cost before running: 2 s 558 ms 
[2026-04-21T17:01:27.684] [INFO] debug-file - Finished :entry:default@BuildNativeWithNinja... after 2 ms 
[2026-04-21T17:01:27.685] [DEBUG] debug-file - restool module names: entry; moduleName=entry, taskName=default@ProcessResource
[2026-04-21T17:01:27.686] [DEBUG] debug-file - Executing task :entry:default@ProcessResource
[2026-04-21T17:01:27.687] [DEBUG] debug-file - Task 'entry:default@ProcessResource' cost while wrapping incremental declarations: 1 ms 
[2026-04-21T17:01:27.688] [DEBUG] debug-file - entry : default@ProcessResource cost memory 0.11911773681640625
[2026-04-21T17:01:27.689] [DEBUG] debug-file - runTaskFromQueue task cost before running: 2 s 564 ms 
[2026-04-21T17:01:27.690] [INFO] debug-file - Finished :entry:default@ProcessResource... after 3 ms 
[2026-04-21T17:01:27.693] [DEBUG] debug-file - Executing task :entry:default@GenerateLoaderJson
[2026-04-21T17:01:27.693] [DEBUG] debug-file - Task 'entry:default@GenerateLoaderJson' cost while wrapping incremental declarations: 1 ms 
[2026-04-21T17:01:27.702] [DEBUG] debug-file - entry : default@GenerateLoaderJson cost memory 0.5039749145507812
[2026-04-21T17:01:27.702] [DEBUG] debug-file - runTaskFromQueue task cost before running: 2 s 577 ms 
[2026-04-21T17:01:27.705] [INFO] debug-file - Finished :entry:default@GenerateLoaderJson... after 10 ms 
[2026-04-21T17:01:27.706] [DEBUG] debug-file - Executing task :entry:default@ProcessLibs
[2026-04-21T17:01:27.710] [DEBUG] debug-file - Worker dispatch failed, running processLibs on main thread.
[2026-04-21T17:01:27.712] [DEBUG] debug-file - entry : default@ProcessLibs cost memory 0.28134918212890625
[2026-04-21T17:01:27.712] [DEBUG] debug-file - runTaskFromQueue task cost before running: 2 s 587 ms 
[2026-04-21T17:01:27.712] [INFO] debug-file - Finished :entry:default@ProcessLibs... after 6 ms 
[2026-04-21T17:01:27.713] [DEBUG] debug-file - restool module names: entry; moduleName=entry, taskName=default@CompileResource
[2026-04-21T17:01:27.714] [DEBUG] debug-file - Executing task :entry:default@CompileResource
[2026-04-21T17:01:27.720] [DEBUG] debug-file - Use tool [D:\DevEco Studio\sdk\default\openharmony\toolchains\restool.exe]
 [
  'D:\\DevEco Studio\\sdk\\default\\openharmony\\toolchains\\restool.exe',
  '-l',
  'D:\\open\\custom-canvas-master\\custom-canvas-master\\entry\\build\\default\\intermediates\\res\\default\\resConfig.json'
]
[2026-04-21T17:01:27.721] [DEBUG] debug-file - current process  memoryUsage: {
  rss: 263901184,
  heapTotal: 163229696,
  heapUsed: 133790240,
  external: 3032914,
  arrayBuffers: 136309
} os memoryUsage :13.902576446533203
[2026-04-21T17:01:27.759] [DEBUG] debug-file - Info: Pack: normal pack mode

[2026-04-21T17:01:27.804] [DEBUG] debug-file - Info: hardware concurrency count is : 24

[2026-04-21T17:01:27.804] [DEBUG] debug-file - Info: thread count is : 24
Info: thread pool is started

[2026-04-21T17:01:27.805] [DEBUG] debug-file - Info: GenericCompiler::CompileFiles

[2026-04-21T17:01:27.812] [DEBUG] debug-file - Info: GenericCompiler::CompileFiles

[2026-04-21T17:01:27.832] [DEBUG] debug-file - Info: GenericCompiler::CompileFiles

[2026-04-21T17:01:27.840] [DEBUG] debug-file - 04-21 17:01:27.840 36840 23340 E C01400/ImageTranscoderUtils: DecodeToRGBA IN
04-21 17:01:27.840 36840 23340 E C01400/ImageTranscoderUtils: ImageFilter IN D:\open\custom-canvas-master\custom-canvas-master\AppScope\resources\base\media\app_icon.png

[2026-04-21T17:01:27.840] [DEBUG] debug-file - 04-21 17:01:27.840 36840 23340 E C01400/ImageTranscoder: TranscodeSLR Only zoom-out is supported.
Warning: ScaleImage failed, error message: INVALID_PARAMETERS, file path = D:\open\custom-canvas-master\custom-canvas-master\AppScope\resources\base\media\app_icon.png

[2026-04-21T17:01:27.842] [DEBUG] debug-file - 04-21 17:01:27.842 36840 23340 E C01400/ImageTranscoderUtils: DecodeToRGBA IN
04-21 17:01:27.842 36840 23340 E C01400/ImageTranscoderUtils: ImageFilter IN D:\open\custom-canvas-master\custom-canvas-master\entry\src\main\resources\base\media\background.png

[2026-04-21T17:01:27.844] [DEBUG] debug-file - 04-21 17:01:27.844 36840 23340 E C01400/ImageTranscoder: TranscodeSLR Only zoom-out is supported.

[2026-04-21T17:01:27.844] [DEBUG] debug-file - Warning: ScaleImage failed, error message: INVALID_PARAMETERS, file path = D:\open\custom-canvas-master\custom-canvas-master\entry\src\main\resources\base\media\background.png

[2026-04-21T17:01:27.846] [DEBUG] debug-file - 04-21 17:01:27.846 36840 23340 E C01400/ImageTranscoderUtils: DecodeToRGBA IN

[2026-04-21T17:01:27.846] [DEBUG] debug-file - 04-21 17:01:27.846 36840 23340 E C01400/ImageTranscoderUtils: ImageFilter IN D:\open\custom-canvas-master\custom-canvas-master\entry\src\main\resources\base\media\foreground.png

[2026-04-21T17:01:27.846] [DEBUG] debug-file - 04-21 17:01:27.847 36840 23340 E C01400/ImageTranscoder: TranscodeSLR Only zoom-out is supported.

[2026-04-21T17:01:27.847] [DEBUG] debug-file - Warning: ScaleImage failed, error message: INVALID_PARAMETERS, file path = D:\open\custom-canvas-master\custom-canvas-master\entry\src\main\resources\base\media\foreground.png

[2026-04-21T17:01:27.848] [DEBUG] debug-file - Info: can't scale media json file.

[2026-04-21T17:01:27.849] [DEBUG] debug-file - Warning: The width or height of the png file referenced by the icon exceeds the limit (41 pixels)
at D:\open\custom-canvas-master\custom-canvas-master\entry\src\main\resources\base\media\background.png
Warning: The width or height of the png file referenced by the icon exceeds the limit (41 pixels)
at D:\open\custom-canvas-master\custom-canvas-master\entry\src\main\resources\base\media\foreground.png
Warning: D:\open\custom-canvas-master\custom-canvas-master\entry\src\main\resources\base\media\layered_image.json is not png format

[2026-04-21T17:01:27.849] [DEBUG] debug-file - Info: restool resources compile success.

[2026-04-21T17:01:27.850] [DEBUG] debug-file - Info: thread pool is stopped

[2026-04-21T17:01:27.908] [DEBUG] debug-file - entry : default@CompileResource cost memory 0.837310791015625
[2026-04-21T17:01:27.908] [DEBUG] debug-file - runTaskFromQueue task cost before running: 2 s 783 ms 
[2026-04-21T17:01:27.909] [INFO] debug-file - Finished :entry:default@CompileResource... after 195 ms 
[2026-04-21T17:01:27.910] [DEBUG] debug-file - Executing task :entry:default@DoNativeStrip
[2026-04-21T17:01:27.910] [DEBUG] debug-file - Task 'entry:default@DoNativeStrip' cost while wrapping incremental declarations: 1 ms 
[2026-04-21T17:01:27.915] [DEBUG] debug-file - entry : default@DoNativeStrip cost memory 0.0598602294921875
[2026-04-21T17:01:27.916] [DEBUG] debug-file - runTaskFromQueue task cost before running: 2 s 791 ms 
[2026-04-21T17:01:27.916] [INFO] debug-file - Finished :entry:default@DoNativeStrip... after 6 ms 
[2026-04-21T17:01:27.917] [DEBUG] debug-file - Executing task :entry:default@CompileArkTS
[2026-04-21T17:01:27.918] [DEBUG] debug-file - obfuscationOptions: undefined
[2026-04-21T17:01:27.919] [DEBUG] debug-file - Task 'entry:default@CompileArkTS' cost while wrapping incremental declarations: 1 ms 
[2026-04-21T17:01:27.934] [DEBUG] debug-file - build config:
[2026-04-21T17:01:27.934] [DEBUG] debug-file - {
  moduleType: 'entry',
  perf: 0,
  targetName: '.default',
  packageManagerType: 'ohpm',
  localPropertiesPath: 'D:\\open\\custom-canvas-master\\custom-canvas-master\\local.properties',
  isPreview: false,
  isOhosTest: false,
  isLocalTest: false,
  buildMode: 'Debug',
  hotReloadBuild: undefined,
  watchMode: 'false',
  aceProfilePath: 'D:\\open\\custom-canvas-master\\custom-canvas-master\\entry\\build\\default\\intermediates\\res\\default\\resources\\base\\profile',
  etsLoaderPath: 'D:\\DevEco Studio\\sdk\\default\\openharmony\\ets\\build-tools\\ets-loader',
  modulePath: 'D:\\open\\custom-canvas-master\\custom-canvas-master\\entry',
  testFrameworkPar: {
    testMode: undefined,
    coveragePathFilter: undefined,
    coverageMode: undefined
  },
  needCoverageInsert: false,
  debugLine: false,
  projectTopDir: 'D:\\open\\custom-canvas-master\\custom-canvas-master',
  compileSdkVersion: 22,
  compatibleSdkVersion: 17,
  originCompatibleSdkVersion: '5.0.5(17)',
  compatibleSdkVersionStage: undefined,
  bundleName: 'c***s',
  etsLoaderVersion: '6.0.2.130',
  etsLoaderReleaseType: 'Release',
  aotCompileMode: 'type',
  apPath: 'D:\\open\\custom-canvas-master\\custom-canvas-master\\entry\\modules.ap',
  entryModuleName: 'entry',
  entryModuleVersion: '1.0.0',
  entryPackageName: 'entry',
  allModuleNameHash: 'c55da7ddaf66a2fd275dbcd6a3326ecaefaa8922eeeeba131f4e6548b0457cf3',
  externalApiPaths: [ 'D:\\DevEco Studio\\sdk\\default\\hms\\ets' ],
  compilerTypes: [],
  isCrossplatform: false,
  hvigorPluginFile: undefined,
  compilePluginPath: undefined,
  buildGeneratedProfilePath: 'D:\\open\\custom-canvas-master\\custom-canvas-master\\entry\\build\\default\\generated\\profile\\default',
  bundleType: 'app',
  arkTSVersion: undefined,
  apiVersion: 22,
  needCompleteSourcesMap: false,
  isFaMode: false,
  buildDir: 'D:\\open\\custom-canvas-master\\custom-canvas-master\\entry\\build',
  deviceTypes: [ 'phone' ],
  pkgContextInfo: undefined,
  ohPackagePathMap: {},
  dependencyAliasMap: {},
  permission: { requestPermissions: undefined, definePermissions: undefined },
  useGetCurrentBundleName: false,
  projectArkOption: undefined,
  sourceMapDir: undefined,
  branchElimination: false,
  transformLib: undefined,
  tsImportSendable: false,
  resolveConflictMode: true,
  depName2RootPath: {},
  depName2DepInfo: {},
  rootPathSet: [ 'D:\\open\\custom-canvas-master\\custom-canvas-master' ],
  useNativeResolver: true,
  shouldEmitJs: true,
  useTscResolve: false,
  singleFileEmit: false,
  userProjectConfig: {
    autoLazyImport: false,
    allowEmptyBundleName: false,
    reExportCheckMode: 'noCheck',
    executionMode: 'memory',
    usePathPlaceholder: false,
    writeRollupCache: true,
    isExpandImportEnabled: false,
    expandImportExclude: '',
    lazyImportExclude: '',
    lazyImportInclude: '',
    ignoreCrossplatformCheck: false,
    isHarDeduplicateEnabled: false,
    skipOhModulesLint: false,
    enableStrictCheckOHModule: false,
    disableSendableCheckRules: [],
    useDeclarationFileSignature: false,
    customizedOptions: undefined,
    integratedHsp: false,
    isPreloadSoEnabled: false
  },
  executionMode: 'memory',
  arkCompileCachePath: 'D:\\open\\custom-canvas-master\\custom-canvas-master\\entry\\build\\default\\cache\\default\\default@CompileArkTS\\esmodule',
  autoLazyFilter: undefined,
  isHarDeduplicateEnabled: false,
  intermediateHarDuplicateDirPath: 'D:\\open\\custom-canvas-master\\custom-canvas-master\\entry\\build\\default\\intermediates\\har_duplicate\\default',
  autoLazyImport: false,
  allowEmptyBundleName: false,
  reExportCheckMode: 'noCheck',
  usePathPlaceholder: false,
  writeRollupCache: true,
  isExpandImportEnabled: false,
  expandImportExclude: '',
  lazyImportExclude: '',
  lazyImportInclude: '',
  ignoreCrossplatformCheck: false,
  skipOhModulesLint: false,
  enableStrictCheckOHModule: false,
  disableSendableCheckRules: [],
  useDeclarationFileSignature: false,
  customizedOptions: undefined,
  integratedHsp: false,
  isPreloadSoEnabled: false,
  strictMode: undefined,
  useNormalizedOHMUrl: false,
  caseSensitiveCheck: false,
  aceModuleJsonPath: 'D:\\open\\custom-canvas-master\\custom-canvas-master\\entry\\build\\default\\intermediates\\res\\default\\ark_module.json',
  appResource: 'D:\\open\\custom-canvas-master\\custom-canvas-master\\entry\\build\\default\\intermediates\\res\\default\\ResourceTable.txt',
  rawFileResource: 'D:\\open\\custom-canvas-master\\custom-canvas-master\\entry\\build\\default\\intermediates\\res\\default\\resources\\rawfile',
  resourceTableHash: 'a3dd22ac80dc1c49aafc3b9f908aef18062cc660cfe26398b296d9a95431b9e9',
  runtimeOS: 'HarmonyOS',
  sdkInfo: 'false:22:6.0.2.130:Release',
  aceModuleRoot: 'D:\\open\\custom-canvas-master\\custom-canvas-master\\entry\\src\\main\\ets',
  compileMode: 'esmodule',
  aceSuperVisualPath: 'D:\\open\\custom-canvas-master\\custom-canvas-master\\entry\\src\\main\\supervisual',
  aceBuildJson: 'D:\\open\\custom-canvas-master\\custom-canvas-master\\entry\\build\\default\\intermediates\\loader\\default\\loader.json',
  cachePath: 'D:\\open\\custom-canvas-master\\custom-canvas-master\\entry\\build\\default\\cache\\default\\default@CompileArkTS\\esmodule\\debug',
  aceModuleBuild: 'D:\\open\\custom-canvas-master\\custom-canvas-master\\entry\\build\\default\\intermediates\\loader_out\\default\\ets',
  supportChunks: true,
  declaredFilesPath: undefined,
  shouldCollectDirectImportees: false,
  isByteCodeHarOptimize: false,
  expandImportPath: undefined,
  pkgNameToPkgBriefInfo: {
    entry: {
      pkgRoot: 'D:\\open\\custom-canvas-master\\custom-canvas-master\\entry',
      originalSourceRoots: undefined,
      sourceRoots: [Array],
      pkgName: 'entry'
    }
  },
  projectModel: {
    'D:\\open\\custom-canvas-master\\custom-canvas-master\\entry\\src\\main': {
      moduleName: 'entry',
      modulePkgPath: 'D:\\open\\custom-canvas-master\\custom-canvas-master\\entry',
      belongProjectPath: 'D:\\open\\custom-canvas-master\\custom-canvas-master'
    },
    'D:\\open\\custom-canvas-master\\custom-canvas-master\\entry': {
      moduleName: 'entry',
      modulePkgPath: 'D:\\open\\custom-canvas-master\\custom-canvas-master\\entry',
      belongProjectPath: 'D:\\open\\custom-canvas-master\\custom-canvas-master'
    },
    'D:\\open\\custom-canvas-master\\custom-canvas-master': {
      moduleName: 'custom-canvas-master',
      modulePkgPath: 'D:\\open\\custom-canvas-master\\custom-canvas-master',
      belongProjectPath: 'D:\\open\\custom-canvas-master\\custom-canvas-master'
    }
  },
  pkgJsonFileHash: 'ac995480e710a275b7cf4a6fb2472a77382a629452dd716ec0366f01c80fa48c',
  allModulePaths: [ 'D:\\open\\custom-canvas-master\\custom-canvas-master\\entry' ],
  routerMap: {},
  obfuscationOptions: undefined,
  byteCodeHarToDependencyKeys: undefined,
  compileBlockPkg: [],
  mockParams: {
    decorator: '@MockSetup',
    packageName: '@ohos/hamock',
    etsSourceRootPath: 'src/main/ets',
    mockConfigPath: undefined,
    mockConfigKey2ModuleInfo: {},
    source2ModuleIdMap: {}
  },
  copyCodeResourceEnable: true,
  copyCodeResourceExcludes: [],
  copyCodeResourceIncludes: undefined,
  uiTransformOptimization: false,
  sdkPath: 'D:/DevEco Studio/sdk',
  needPreloadSoFileSet: {},
  preloadSoFilePath: 'D:\\open\\custom-canvas-master\\custom-canvas-master\\entry\\build\\default\\intermediates\\preload\\default\\preload.json',
  useSourceHash: false,
  localModuleParamMap: {},
  otherPaths: {
    'entry/*': [
      '..\\*',
      '..\\..\\..\\build\\default\\generated\\profile\\default\\*'
    ]
  },
  collectImportersConfig: undefined
}
[2026-04-21T17:01:27.934] [DEBUG] debug-file - Compile arkts with external api path: D:\DevEco Studio\sdk\default\hms\ets
[2026-04-21T17:01:27.936] [DEBUG] debug-file - default@CompileArkTS work[0] is submitted.
[2026-04-21T17:01:27.937] [DEBUG] debug-file - default@CompileArkTS work[0] is pushed to ready queue.
[2026-04-21T17:01:27.937] [DEBUG] debug-file - A work dispatched to worker[23] failed because unable to get work from ready queue.
[2026-04-21T17:01:27.937] [DEBUG] debug-file - A work dispatched to worker[22] failed because unable to get work from ready queue.
[2026-04-21T17:01:27.937] [DEBUG] debug-file - A work dispatched to worker[21] failed because unable to get work from ready queue.
[2026-04-21T17:01:27.937] [DEBUG] debug-file - A work dispatched to worker[20] failed because unable to get work from ready queue.
[2026-04-21T17:01:27.937] [DEBUG] debug-file - A work dispatched to worker[19] failed because unable to get work from ready queue.
[2026-04-21T17:01:27.937] [DEBUG] debug-file - A work dispatched to worker[18] failed because unable to get work from ready queue.
[2026-04-21T17:01:27.938] [DEBUG] debug-file - A work dispatched to worker[17] failed because unable to get work from ready queue.
[2026-04-21T17:01:27.938] [DEBUG] debug-file - A work dispatched to worker[16] failed because unable to get work from ready queue.
[2026-04-21T17:01:27.938] [DEBUG] debug-file - A work dispatched to worker[15] failed because unable to get work from ready queue.
[2026-04-21T17:01:27.938] [DEBUG] debug-file - A work dispatched to worker[14] failed because unable to get work from ready queue.
[2026-04-21T17:01:27.938] [DEBUG] debug-file - A work dispatched to worker[13] failed because unable to get work from ready queue.
[2026-04-21T17:01:27.938] [DEBUG] debug-file - A work dispatched to worker[12] failed because unable to get work from ready queue.
[2026-04-21T17:01:27.938] [DEBUG] debug-file - A work dispatched to worker[11] failed because unable to get work from ready queue.
[2026-04-21T17:01:27.938] [DEBUG] debug-file - A work dispatched to worker[10] failed because unable to get work from ready queue.
[2026-04-21T17:01:27.938] [DEBUG] debug-file - A work dispatched to worker[9] failed because unable to get work from ready queue.
[2026-04-21T17:01:27.938] [DEBUG] debug-file - A work dispatched to worker[8] failed because unable to get work from ready queue.
[2026-04-21T17:01:27.938] [DEBUG] debug-file - A work dispatched to worker[7] failed because unable to get work from ready queue.
[2026-04-21T17:01:27.938] [DEBUG] debug-file - A work dispatched to worker[6] failed because unable to get work from ready queue.
[2026-04-21T17:01:27.938] [DEBUG] debug-file - A work dispatched to worker[5] failed because unable to get work from ready queue.
[2026-04-21T17:01:27.938] [DEBUG] debug-file - Create  resident worker with id: 4.
[2026-04-21T17:01:27.939] [DEBUG] debug-file - default@CompileArkTS work[0] has been dispatched to worker[4].
[2026-04-21T17:01:27.939] [DEBUG] debug-file - default@CompileArkTS work[0] is dispatched.
[2026-04-21T17:01:27.939] [DEBUG] debug-file - CopyResources startTime: 362560057020500
[2026-04-21T17:01:27.939] [DEBUG] debug-file - default@CompileArkTS work[1] is submitted.
[2026-04-21T17:01:27.940] [DEBUG] debug-file - default@CompileArkTS work[1] is pushed to ready queue.
[2026-04-21T17:01:27.940] [DEBUG] debug-file - A work dispatched to worker[23] failed because unable to get work from ready queue.
[2026-04-21T17:01:27.940] [DEBUG] debug-file - Create  resident worker with id: 22.
[2026-04-21T17:01:27.940] [DEBUG] debug-file - default@CompileArkTS work[1] has been dispatched to worker[22].
[2026-04-21T17:01:27.940] [DEBUG] debug-file - default@CompileArkTS work[1] is dispatched.
[2026-04-21T17:01:27.940] [DEBUG] debug-file - entry : default@CompileArkTS cost memory 2.1783905029296875
[2026-04-21T17:01:27.941] [DEBUG] debug-file - Executing task :entry:default@BuildJS
[2026-04-21T17:01:27.942] [DEBUG] debug-file - Task 'entry:default@BuildJS' cost while wrapping incremental declarations: 1 ms 
[2026-04-21T17:01:27.943] [DEBUG] debug-file - entry : default@BuildJS cost memory 0.27603912353515625
[2026-04-21T17:01:27.944] [DEBUG] debug-file - runTaskFromQueue task cost before running: 2 s 819 ms 
[2026-04-21T17:01:27.944] [INFO] debug-file - Finished :entry:default@BuildJS... after 3 ms 
[2026-04-21T17:01:27.945] [DEBUG] debug-file - Executing task :entry:default@CacheNativeLibs
[2026-04-21T17:01:27.945] [DEBUG] debug-file - Task 'entry:default@CacheNativeLibs' cost while wrapping incremental declarations: 1 ms 
[2026-04-21T17:01:27.945] [DEBUG] debug-file - default@CacheNativeLibs work[2] is submitted.
[2026-04-21T17:01:27.945] [DEBUG] debug-file - default@CacheNativeLibs work[2] is pushed to ready queue.
[2026-04-21T17:01:27.945] [DEBUG] debug-file - A work dispatched to worker[23] failed because unable to get work from ready queue.
[2026-04-21T17:01:27.946] [DEBUG] debug-file - A work dispatched to worker[22] failed because of worker busy.
[2026-04-21T17:01:27.946] [DEBUG] debug-file - Create  resident worker with id: 21.
[2026-04-21T17:01:27.946] [DEBUG] debug-file - default@CacheNativeLibs work[2] has been dispatched to worker[21].
[2026-04-21T17:01:27.946] [DEBUG] debug-file - default@CacheNativeLibs work[2] is dispatched.
[2026-04-21T17:01:27.946] [DEBUG] debug-file - entry : default@CacheNativeLibs cost memory 0.151702880859375
[2026-04-21T17:01:28.873] [DEBUG] debug-file - worker[22] has one work done.
[2026-04-21T17:01:28.873] [DEBUG] debug-file - CopyResources is end, endTime: 362560990979600
[2026-04-21T17:01:28.874] [DEBUG] debug-file - default@CompileArkTS work[1] done.
[2026-04-21T17:01:28.874] [DEBUG] debug-file - A work dispatched to worker[22] failed because unable to get work from ready queue.
[2026-04-21T17:01:28.947] [DEBUG] debug-file - worker[21] has one work done.
[2026-04-21T17:01:28.947] [DEBUG] debug-file - default@CacheNativeLibs work[2] done.
[2026-04-21T17:01:28.947] [DEBUG] debug-file - A work dispatched to worker[21] failed because unable to get work from ready queue.
[2026-04-21T17:01:28.947] [INFO] debug-file - Finished :entry:default@CacheNativeLibs... after 6 ms 
[2026-04-21T17:01:33.563] [DEBUG] debug-file - worker[4] has one work done.
[2026-04-21T17:01:33.563] [DEBUG] debug-file - Ark compile task finished.finished time is 362565680646300
[2026-04-21T17:01:33.566] [DEBUG] debug-file - default@CompileArkTS work[0] done.
[2026-04-21T17:01:33.566] [DEBUG] debug-file - A work dispatched to worker[4] failed because unable to get work from ready queue.
[2026-04-21T17:01:33.567] [INFO] debug-file - Finished :entry:default@CompileArkTS... after 3 s 476 ms 
[2026-04-21T17:01:33.568] [DEBUG] debug-file - Executing task :entry:default@GeneratePkgModuleJson
[2026-04-21T17:01:33.568] [DEBUG] debug-file - File: 'D:\open\custom-canvas-master\custom-canvas-master\entry\build\default\intermediates\preload\default\preload.json' from 'preloadSoJsonPath' is not exists, just ignore.
[2026-04-21T17:01:33.569] [DEBUG] debug-file - Error occurs while handling @Input 'shouldDeduplicateHar': The "data" argument must be of type string or an instance of Buffer, TypedArray, or DataView. Received undefined
[2026-04-21T17:01:33.569] [DEBUG] debug-file - Task 'entry:default@GeneratePkgModuleJson' cost while wrapping incremental declarations: 1 ms 
[2026-04-21T17:01:33.571] [DEBUG] debug-file - entry : default@GeneratePkgModuleJson cost memory 0.15514373779296875
[2026-04-21T17:01:33.571] [DEBUG] debug-file - runTaskFromQueue task cost before running: 8 s 446 ms 
[2026-04-21T17:01:33.571] [INFO] debug-file - Finished :entry:default@GeneratePkgModuleJson... after 3 ms 
[2026-04-21T17:01:33.572] [DEBUG] debug-file - Executing task :entry:default@ProcessCompiledResources
[2026-04-21T17:01:33.572] [DEBUG] debug-file - File: 'D:\open\custom-canvas-master\custom-canvas-master\entry\build\default\intermediates\preload\default\preload.json' from 'preloadSoJsonPath' is not exists, just ignore.
[2026-04-21T17:01:33.572] [DEBUG] debug-file - Task 'entry:default@ProcessCompiledResources' cost while wrapping incremental declarations: 1 ms 
[2026-04-21T17:01:33.572] [DEBUG] debug-file - entry : default@ProcessCompiledResources cost memory 0.05919647216796875
[2026-04-21T17:01:33.572] [DEBUG] debug-file - runTaskFromQueue task cost before running: 8 s 447 ms 
[2026-04-21T17:01:33.572] [INFO] debug-file - Finished :entry:default@ProcessCompiledResources... after 1 ms 
[2026-04-21T17:01:33.574] [DEBUG] debug-file - Executing task :entry:default@PackageHap
[2026-04-21T17:01:33.576] [DEBUG] debug-file - Use tool [D:\DevEco Studio\sdk\default\openharmony\toolchains\lib\app_packing_tool.jar]
 [
  'java',
  '-Dfile.encoding=GBK',
  '-jar',
  'D:\\DevEco Studio\\sdk\\default\\openharmony\\toolchains\\lib\\app_packing_tool.jar',
  '--mode',
  'hap',
  '--force',
  'true',
  '--lib-path',
  'D:\\open\\custom-canvas-master\\custom-canvas-master\\entry\\build\\default\\intermediates\\stripped_native_libs\\default',
  '--json-path',
  'D:\\open\\custom-canvas-master\\custom-canvas-master\\entry\\build\\default\\intermediates\\package\\default\\module.json',
  '--resources-path',
  'D:\\open\\custom-canvas-master\\custom-canvas-master\\entry\\build\\default\\intermediates\\res\\default\\resources',
  '--index-path',
  'D:\\open\\custom-canvas-master\\custom-canvas-master\\entry\\build\\default\\intermediates\\res\\default\\resources.index',
  '--pack-info-path',
  'D:\\open\\custom-canvas-master\\custom-canvas-master\\entry\\build\\default\\outputs\\default\\pack.info',
  '--out-path',
  'D:\\open\\custom-canvas-master\\custom-canvas-master\\entry\\build\\default\\outputs\\default\\entry-default-unsigned.hap',
  '--ets-path',
  'D:\\open\\custom-canvas-master\\custom-canvas-master\\entry\\build\\default\\intermediates\\loader_out\\default\\ets'
]
[2026-04-21T17:01:33.800] [DEBUG] debug-file - java daemon socket received message:{"code":0,"message":"pack success"}
[2026-04-21T17:01:33.806] [DEBUG] debug-file - entry : default@PackageHap cost memory 0.6322555541992188
[2026-04-21T17:01:33.806] [DEBUG] debug-file - runTaskFromQueue task cost before running: 8 s 681 ms 
[2026-04-21T17:01:33.807] [INFO] debug-file - Finished :entry:default@PackageHap... after 233 ms 
[2026-04-21T17:01:33.808] [DEBUG] debug-file - Executing task :entry:default@PackingCheck
[2026-04-21T17:01:33.814] [DEBUG] debug-file - entry : default@PackingCheck cost memory 0.3944091796875
[2026-04-21T17:01:33.814] [DEBUG] debug-file - runTaskFromQueue task cost before running: 8 s 689 ms 
[2026-04-21T17:01:33.814] [INFO] debug-file - Finished :entry:default@PackingCheck... after 6 ms 
[2026-04-21T17:01:33.815] [DEBUG] debug-file - Executing task :entry:default@SignHap
[2026-04-21T17:01:33.815] [WARN] debug-file - Will skip sign 'hos_hap'. No signingConfigs profile is configured in current project.
             If needed, configure the signingConfigs in D:\open\custom-canvas-master\custom-canvas-master\build-profile.json5.
[2026-04-21T17:01:33.816] [DEBUG] debug-file - entry : default@SignHap cost memory 0.055877685546875
[2026-04-21T17:01:33.816] [DEBUG] debug-file - runTaskFromQueue task cost before running: 8 s 691 ms 
[2026-04-21T17:01:33.816] [INFO] debug-file - Finished :entry:default@SignHap... after 2 ms 
[2026-04-21T17:01:33.817] [DEBUG] debug-file - Executing task :entry:default@CollectDebugSymbol
[2026-04-21T17:01:33.818] [DEBUG] debug-file - entry : default@CollectDebugSymbol cost memory 0.09246826171875
[2026-04-21T17:01:33.818] [DEBUG] debug-file - runTaskFromQueue task cost before running: 8 s 693 ms 
[2026-04-21T17:01:33.818] [INFO] debug-file - Finished :entry:default@CollectDebugSymbol... after 2 ms 
[2026-04-21T17:01:33.818] [DEBUG] debug-file - Executing task :entry:assembleHap
[2026-04-21T17:01:33.818] [DEBUG] debug-file - entry : assembleHap cost memory 0.0128326416015625
[2026-04-21T17:01:33.818] [DEBUG] debug-file - runTaskFromQueue task cost before running: 8 s 693 ms 
[2026-04-21T17:01:33.818] [INFO] debug-file - Finished :entry:assembleHap... after 1 ms 
[2026-04-21T17:01:33.827] [INFO] debug-file - BUILD SUCCESSFUL in 8 s 702 ms 
[2026-04-21T17:01:33.828] [DEBUG] debug-file - Update task entry:default@PreBuild input file:D:\open\custom-canvas-master\custom-canvas-master\AppScope\app.json5 cache by regenerate.
[2026-04-21T17:01:33.829] [DEBUG] debug-file - Update task entry:default@PreBuild input file:D:\open\custom-canvas-master\custom-canvas-master\entry\src\main\module.json5 cache by regenerate.
[2026-04-21T17:01:33.829] [DEBUG] debug-file - Update task entry:default@PreBuild input file:D:\open\custom-canvas-master\custom-canvas-master\build-profile.json5 cache by regenerate.
[2026-04-21T17:01:33.829] [DEBUG] debug-file - Update task entry:default@PreBuild input file:D:\open\custom-canvas-master\custom-canvas-master\entry\build-profile.json5 cache by regenerate.
[2026-04-21T17:01:33.829] [DEBUG] debug-file - Update task entry:default@PreBuild input file:D:\open\custom-canvas-master\custom-canvas-master\entry\src\main\resources\base\profile\main_pages.json cache by regenerate.
[2026-04-21T17:01:33.830] [DEBUG] debug-file - Update task entry:default@PreBuild input file:D:\open\custom-canvas-master\custom-canvas-master\hvigor\hvigor-config.json5 cache by regenerate.
[2026-04-21T17:01:33.830] [DEBUG] debug-file - Update task entry:default@PreBuild input file:D:\open\custom-canvas-master\custom-canvas-master\entry\oh-package.json5 cache by regenerate.
[2026-04-21T17:01:33.830] [DEBUG] debug-file - Update task entry:default@PreBuild input file:D:\open\custom-canvas-master\custom-canvas-master\oh-package.json5 cache by regenerate.
[2026-04-21T17:01:33.830] [DEBUG] debug-file - Incremental task entry:default@PreBuild post-execution cost:3 ms .
[2026-04-21T17:01:33.830] [DEBUG] debug-file - Update task entry:default@CreateModuleInfo output file:D:\open\custom-canvas-master\custom-canvas-master\entry\build\default\generated\profile\default\ModuleInfo.ts cache.
[2026-04-21T17:01:33.831] [DEBUG] debug-file - Incremental task entry:default@CreateModuleInfo post-execution cost:1 ms .
[2026-04-21T17:01:33.831] [DEBUG] debug-file - Update task entry:default@GenerateMetadata input file:D:\open\custom-canvas-master\custom-canvas-master\entry\src\main\module.json5 cache by regenerate.
[2026-04-21T17:01:33.831] [DEBUG] debug-file - Update task entry:default@GenerateMetadata output file:D:\open\custom-canvas-master\custom-canvas-master\entry\build\default\intermediates\hap_metadata\default\output_metadata.json cache.
[2026-04-21T17:01:33.831] [DEBUG] debug-file - Incremental task entry:default@GenerateMetadata post-execution cost:1 ms .
[2026-04-21T17:01:33.831] [DEBUG] debug-file - Update task entry:default@MergeProfile input file:D:\open\custom-canvas-master\custom-canvas-master\AppScope\app.json5 cache by regenerate.
[2026-04-21T17:01:33.831] [DEBUG] debug-file - Update task entry:default@MergeProfile input file:D:\open\custom-canvas-master\custom-canvas-master\build-profile.json5 cache by regenerate.
[2026-04-21T17:01:33.832] [DEBUG] debug-file - Update task entry:default@MergeProfile input file:D:\open\custom-canvas-master\custom-canvas-master\entry\src\main\module.json5 cache by regenerate.
[2026-04-21T17:01:33.832] [DEBUG] debug-file - Update task entry:default@MergeProfile output file:D:\open\custom-canvas-master\custom-canvas-master\entry\build\default\intermediates\merge_profile\default\module.json cache.
[2026-04-21T17:01:33.832] [DEBUG] debug-file - Incremental task entry:default@MergeProfile post-execution cost:1 ms .
[2026-04-21T17:01:33.832] [DEBUG] debug-file - Update task entry:default@CreateBuildProfile input file:D:\open\custom-canvas-master\custom-canvas-master\AppScope\app.json5 cache by regenerate.
[2026-04-21T17:01:33.832] [DEBUG] debug-file - Update task entry:default@CreateBuildProfile input file:D:\open\custom-canvas-master\custom-canvas-master\build-profile.json5 cache by regenerate.
[2026-04-21T17:01:33.833] [DEBUG] debug-file - Update task entry:default@CreateBuildProfile output file:D:\open\custom-canvas-master\custom-canvas-master\entry\build\default\generated\profile\default\BuildProfile.ets cache.
[2026-04-21T17:01:33.833] [DEBUG] debug-file - Incremental task entry:default@CreateBuildProfile post-execution cost:1 ms .
[2026-04-21T17:01:33.833] [DEBUG] debug-file - Update task entry:default@GeneratePkgContextInfo output file:D:\open\custom-canvas-master\custom-canvas-master\entry\build\default\intermediates\loader\default\pkgContextInfo.json cache.
[2026-04-21T17:01:33.833] [DEBUG] debug-file - Incremental task entry:default@GeneratePkgContextInfo post-execution cost:1 ms .
[2026-04-21T17:01:33.833] [DEBUG] debug-file - Update task entry:default@ProcessIntegratedHsp output file:D:\open\custom-canvas-master\custom-canvas-master\build\cache\default\integrated_hsp\integratedHspCache.json cache.
[2026-04-21T17:01:33.833] [DEBUG] debug-file - Incremental task entry:default@ProcessIntegratedHsp post-execution cost:1 ms .
[2026-04-21T17:01:33.833] [DEBUG] debug-file - Update task entry:default@MakePackInfo input file:D:\open\custom-canvas-master\custom-canvas-master\AppScope\app.json5 cache by regenerate.
[2026-04-21T17:01:33.833] [DEBUG] debug-file - Update task entry:default@MakePackInfo input file:D:\open\custom-canvas-master\custom-canvas-master\entry\src\main\module.json5 cache by regenerate.
[2026-04-21T17:01:33.834] [DEBUG] debug-file - Update task entry:default@MakePackInfo input file:D:\open\custom-canvas-master\custom-canvas-master\build-profile.json5 cache by regenerate.
[2026-04-21T17:01:33.834] [DEBUG] debug-file - Update task entry:default@MakePackInfo output file:D:\open\custom-canvas-master\custom-canvas-master\entry\build\default\outputs\default\pack.info cache.
[2026-04-21T17:01:33.834] [DEBUG] debug-file - Incremental task entry:default@MakePackInfo post-execution cost:1 ms .
[2026-04-21T17:01:33.834] [DEBUG] debug-file - Update task entry:default@SyscapTransform input file:D:\DevEco Studio\sdk\default\openharmony\toolchains\syscap_tool.exe cache by regenerate.
[2026-04-21T17:01:33.834] [DEBUG] debug-file - Update task entry:default@SyscapTransform input file:D:\DevEco Studio\sdk\default\openharmony\ets\api\device-define cache by regenerate.
[2026-04-21T17:01:33.836] [DEBUG] debug-file - Update task entry:default@SyscapTransform output file:D:\open\custom-canvas-master\custom-canvas-master\entry\build\default\intermediates\syscap\default\rpcid.sc cache.
[2026-04-21T17:01:33.836] [DEBUG] debug-file - Incremental task entry:default@SyscapTransform post-execution cost:2 ms .
[2026-04-21T17:01:33.836] [DEBUG] debug-file - Update task entry:default@ProcessProfile input file:D:\open\custom-canvas-master\custom-canvas-master\entry\build\default\intermediates\merge_profile\default\module.json cache by regenerate.
[2026-04-21T17:01:33.836] [DEBUG] debug-file - Update task entry:default@ProcessProfile output file:D:\open\custom-canvas-master\custom-canvas-master\entry\build\default\intermediates\process_profile\default\module.json cache.
[2026-04-21T17:01:33.836] [DEBUG] debug-file - Incremental task entry:default@ProcessProfile post-execution cost:1 ms .
[2026-04-21T17:01:33.837] [DEBUG] debug-file - Update task entry:default@ProcessRouterMap input file:D:\open\custom-canvas-master\custom-canvas-master\entry\oh-package.json5 cache by regenerate.
[2026-04-21T17:01:33.837] [DEBUG] debug-file - Update task entry:default@ProcessRouterMap input file:D:\open\custom-canvas-master\custom-canvas-master\oh-package.json5 cache by regenerate.
[2026-04-21T17:01:33.837] [DEBUG] debug-file - Update task entry:default@ProcessRouterMap input file:D:\open\custom-canvas-master\custom-canvas-master\entry\src\main\module.json5 cache by regenerate.
[2026-04-21T17:01:33.837] [DEBUG] debug-file - Update task entry:default@ProcessRouterMap output file:D:\open\custom-canvas-master\custom-canvas-master\entry\build\default\intermediates\router_map\default\temp-router-map.json cache.
[2026-04-21T17:01:33.837] [DEBUG] debug-file - Update task entry:default@ProcessRouterMap output file:D:\open\custom-canvas-master\custom-canvas-master\entry\build\default\intermediates\router_map\default\loader-router-map.json cache.
[2026-04-21T17:01:33.838] [DEBUG] debug-file - Incremental task entry:default@ProcessRouterMap post-execution cost:2 ms .
[2026-04-21T17:01:33.838] [DEBUG] debug-file - Update task entry:default@ProcessShareConfig input file:D:\open\custom-canvas-master\custom-canvas-master\entry\oh-package.json5 cache by regenerate.
[2026-04-21T17:01:33.838] [DEBUG] debug-file - Update task entry:default@ProcessShareConfig input file:D:\open\custom-canvas-master\custom-canvas-master\oh-package.json5 cache by regenerate.
[2026-04-21T17:01:33.838] [DEBUG] debug-file - Update task entry:default@ProcessShareConfig input file:D:\open\custom-canvas-master\custom-canvas-master\entry\src\main\module.json5 cache by regenerate.
[2026-04-21T17:01:33.838] [DEBUG] debug-file - Update task entry:default@ProcessShareConfig output file:D:\open\custom-canvas-master\custom-canvas-master\entry\build\default\intermediates\share_config\default\temp-share-config.json cache.
[2026-04-21T17:01:33.838] [DEBUG] debug-file - Incremental task entry:default@ProcessShareConfig post-execution cost:1 ms .
[2026-04-21T17:01:33.839] [DEBUG] debug-file - Update task entry:default@ProcessStartupConfig output file:D:\open\custom-canvas-master\custom-canvas-master\entry\build\default\intermediates\startup\default\startup_config.json cache.
[2026-04-21T17:01:33.839] [DEBUG] debug-file - Incremental task entry:default@ProcessStartupConfig post-execution cost:1 ms .
[2026-04-21T17:01:33.839] [DEBUG] debug-file - Update task entry:default@ProcessResource output file:D:\open\custom-canvas-master\custom-canvas-master\entry\build\default\intermediates\res\default\resConfig.json cache.
[2026-04-21T17:01:33.839] [DEBUG] debug-file - Update task entry:default@ProcessResource output file:D:\open\custom-canvas-master\custom-canvas-master\entry\build\default\intermediates\res\default\opt-compression.json cache.
[2026-04-21T17:01:33.839] [DEBUG] debug-file - Incremental task entry:default@ProcessResource post-execution cost:1 ms .
[2026-04-21T17:01:33.840] [DEBUG] debug-file - Update task entry:default@GenerateLoaderJson input file:D:\open\custom-canvas-master\custom-canvas-master\entry\build\default\intermediates\router_map\default\temp-router-map.json cache by regenerate.
[2026-04-21T17:01:33.840] [DEBUG] debug-file - Update task entry:default@GenerateLoaderJson output file:D:\open\custom-canvas-master\custom-canvas-master\entry\build\default\intermediates\loader\default\loader.json cache.
[2026-04-21T17:01:33.840] [DEBUG] debug-file - Incremental task entry:default@GenerateLoaderJson post-execution cost:2 ms .
[2026-04-21T17:01:33.841] [DEBUG] debug-file - Update task entry:default@ProcessLibs input file:D:\open\custom-canvas-master\custom-canvas-master\build-profile.json5 cache by regenerate.
[2026-04-21T17:01:33.841] [DEBUG] debug-file - Update task entry:default@ProcessLibs input file:D:\open\custom-canvas-master\custom-canvas-master\entry\build-profile.json5 cache by regenerate.
[2026-04-21T17:01:33.841] [DEBUG] debug-file - Update task entry:default@ProcessLibs output file:D:\open\custom-canvas-master\custom-canvas-master\entry\build\default\intermediates\libs\default cache.
[2026-04-21T17:01:33.841] [DEBUG] debug-file - Incremental task entry:default@ProcessLibs post-execution cost:1 ms .
[2026-04-21T17:01:33.842] [DEBUG] debug-file - Update task entry:default@CompileResource input file:D:\open\custom-canvas-master\custom-canvas-master\entry\src\main\resources cache by regenerate.
[2026-04-21T17:01:33.848] [DEBUG] debug-file - Update task entry:default@CompileResource input file:D:\open\custom-canvas-master\custom-canvas-master\AppScope\resources cache by regenerate.
[2026-04-21T17:01:33.849] [DEBUG] debug-file - Update task entry:default@CompileResource input file:D:\open\custom-canvas-master\custom-canvas-master\entry\build\default\intermediates\process_profile\default\module.json cache by regenerate.
[2026-04-21T17:01:33.849] [DEBUG] debug-file - Update task entry:default@CompileResource input file:D:\open\custom-canvas-master\custom-canvas-master\entry\build\default\intermediates\res\default\resConfig.json cache by regenerate.
[2026-04-21T17:01:33.849] [DEBUG] debug-file - Update task entry:default@CompileResource output file:D:\open\custom-canvas-master\custom-canvas-master\entry\build\default\intermediates\res\default cache.
[2026-04-21T17:01:33.855] [DEBUG] debug-file - Update task entry:default@CompileResource output file:D:\open\custom-canvas-master\custom-canvas-master\entry\build\default\generated\r\default\ResourceTable.h cache.
[2026-04-21T17:01:33.855] [DEBUG] debug-file - Update task entry:default@CompileResource output file:D:\open\custom-canvas-master\custom-canvas-master\entry\build\default\generated\r\default cache.
[2026-04-21T17:01:33.855] [DEBUG] debug-file - Incremental task entry:default@CompileResource post-execution cost:14 ms .
[2026-04-21T17:01:33.855] [DEBUG] debug-file - Update task entry:default@DoNativeStrip input file:D:\open\custom-canvas-master\custom-canvas-master\entry\build\default\intermediates\libs\default cache by regenerate.
[2026-04-21T17:01:33.856] [DEBUG] debug-file - Update task entry:default@DoNativeStrip output file:D:\open\custom-canvas-master\custom-canvas-master\entry\build\default\intermediates\stripped_native_libs\default cache.
[2026-04-21T17:01:33.856] [DEBUG] debug-file - Incremental task entry:default@DoNativeStrip post-execution cost:1 ms .
[2026-04-21T17:01:33.857] [DEBUG] debug-file - Update task entry:default@CompileArkTS input file:D:\open\custom-canvas-master\custom-canvas-master\entry\build\default\intermediates\loader\default cache by regenerate.
[2026-04-21T17:01:33.857] [DEBUG] debug-file - Update task entry:default@CompileArkTS input file:D:\open\custom-canvas-master\custom-canvas-master\entry\build\default\intermediates\res\default\ResourceTable.txt cache by regenerate.
[2026-04-21T17:01:33.858] [DEBUG] debug-file - Update task entry:default@CompileArkTS input file:D:\open\custom-canvas-master\custom-canvas-master\entry\build\default\intermediates\res\default\ark_module.json cache by regenerate.
[2026-04-21T17:01:33.858] [DEBUG] debug-file - Update task entry:default@CompileArkTS input file:D:\open\custom-canvas-master\custom-canvas-master\entry\build\default\intermediates\res\default\resources\base\profile cache by regenerate.
[2026-04-21T17:01:33.858] [DEBUG] debug-file - Update task entry:default@CompileArkTS input file:D:\open\custom-canvas-master\custom-canvas-master\entry\src\main\ets cache by regenerate.
[2026-04-21T17:01:33.860] [DEBUG] debug-file - Update task entry:default@CompileArkTS input file:D:\open\custom-canvas-master\custom-canvas-master\entry\build\default\generated\profile\default\BuildProfile.ets cache by regenerate.
[2026-04-21T17:01:33.860] [DEBUG] debug-file - Update task entry:default@CompileArkTS output file:D:\open\custom-canvas-master\custom-canvas-master\entry\build\default\intermediates\loader_out\default\ets cache.
[2026-04-21T17:01:33.861] [DEBUG] debug-file - Incremental task entry:default@CompileArkTS post-execution cost:5 ms .
[2026-04-21T17:01:33.861] [DEBUG] debug-file - Update task entry:default@BuildJS input file:D:\open\custom-canvas-master\custom-canvas-master\entry\build\default\intermediates\loader\default cache by regenerate.
[2026-04-21T17:01:33.862] [DEBUG] debug-file - Update task entry:default@BuildJS input file:D:\open\custom-canvas-master\custom-canvas-master\entry\build\default\intermediates\res\default\ResourceTable.txt cache by regenerate.
[2026-04-21T17:01:33.862] [DEBUG] debug-file - Update task entry:default@BuildJS input file:D:\open\custom-canvas-master\custom-canvas-master\entry\build\default\intermediates\res\default\ark_module.json cache by regenerate.
[2026-04-21T17:01:33.862] [DEBUG] debug-file - Update task entry:default@BuildJS input file:D:\open\custom-canvas-master\custom-canvas-master\entry\build\default\intermediates\res\default\resources\base\profile cache by regenerate.
[2026-04-21T17:01:33.863] [DEBUG] debug-file - Update task entry:default@BuildJS output file:D:\open\custom-canvas-master\custom-canvas-master\entry\build\default\intermediates\loader_out\default\js cache.
[2026-04-21T17:01:33.863] [DEBUG] debug-file - Incremental task entry:default@BuildJS post-execution cost:2 ms .
[2026-04-21T17:01:33.863] [DEBUG] debug-file - Update task entry:default@CacheNativeLibs input file:D:\open\custom-canvas-master\custom-canvas-master\entry\build\default\intermediates\stripped_native_libs\default cache by regenerate.
[2026-04-21T17:01:33.863] [DEBUG] debug-file - Update task entry:default@CacheNativeLibs input file:D:\open\custom-canvas-master\custom-canvas-master\entry\build\default\intermediates\libs\default cache by regenerate.
[2026-04-21T17:01:33.863] [DEBUG] debug-file - Update task entry:default@CacheNativeLibs output file:D:\open\custom-canvas-master\custom-canvas-master\entry\build\default\intermediates\patch\default\base_native_libs.json cache.
[2026-04-21T17:01:33.864] [DEBUG] debug-file - Incremental task entry:default@CacheNativeLibs post-execution cost:1 ms .
[2026-04-21T17:01:33.864] [DEBUG] debug-file - Update task entry:default@GeneratePkgModuleJson input file:D:\open\custom-canvas-master\custom-canvas-master\entry\build\default\intermediates\res\default\module.json cache by regenerate.
[2026-04-21T17:01:33.864] [DEBUG] debug-file - Update task entry:default@GeneratePkgModuleJson output file:D:\open\custom-canvas-master\custom-canvas-master\entry\build\default\intermediates\package\default\module.json cache.
[2026-04-21T17:01:33.864] [DEBUG] debug-file - Incremental task entry:default@GeneratePkgModuleJson post-execution cost:1 ms .
[2026-04-21T17:01:33.864] [DEBUG] debug-file - Incremental task entry:default@ProcessCompiledResources post-execution cost:1 ms .
[2026-04-21T17:01:33.865] [DEBUG] debug-file - Update task entry:default@PackageHap input file:D:\open\custom-canvas-master\custom-canvas-master\entry\build\default\intermediates\stripped_native_libs\default cache by regenerate.
[2026-04-21T17:01:33.865] [DEBUG] debug-file - Update task entry:default@PackageHap input file:D:\open\custom-canvas-master\custom-canvas-master\entry\build\default\intermediates\res\default\module.json cache by regenerate.
[2026-04-21T17:01:33.865] [DEBUG] debug-file - Update task entry:default@PackageHap input file:D:\open\custom-canvas-master\custom-canvas-master\entry\build\default\intermediates\res\default\resources cache by regenerate.
[2026-04-21T17:01:33.870] [DEBUG] debug-file - Update task entry:default@PackageHap input file:D:\open\custom-canvas-master\custom-canvas-master\entry\build\default\intermediates\res\default\resources.index cache by regenerate.
[2026-04-21T17:01:33.870] [DEBUG] debug-file - Update task entry:default@PackageHap input file:D:\open\custom-canvas-master\custom-canvas-master\entry\build\default\outputs\default\pack.info cache by regenerate.
[2026-04-21T17:01:33.870] [DEBUG] debug-file - Update task entry:default@PackageHap input file:D:\open\custom-canvas-master\custom-canvas-master\entry\build\default\intermediates\loader_out\default\ets cache by regenerate.
[2026-04-21T17:01:33.872] [DEBUG] debug-file - Update task entry:default@PackageHap input file:D:\open\custom-canvas-master\custom-canvas-master\entry\build\default\intermediates\loader_out\default\ets\sourceMaps.map cache by regenerate.
[2026-04-21T17:01:33.872] [DEBUG] debug-file - Update task entry:default@PackageHap input file:D:\open\custom-canvas-master\custom-canvas-master\entry\build\default\generated\profile\default\BuildProfile.ets cache by regenerate.
[2026-04-21T17:01:33.872] [DEBUG] debug-file - Update task entry:default@PackageHap output file:D:\open\custom-canvas-master\custom-canvas-master\entry\build\default\outputs\default\entry-default-unsigned.hap cache.
[2026-04-21T17:01:33.872] [DEBUG] debug-file - Update task entry:default@PackageHap output file:D:\open\custom-canvas-master\custom-canvas-master\entry\build\default\intermediates\source_map\default\sourceMaps.map cache.
[2026-04-21T17:01:33.873] [DEBUG] debug-file - Update task entry:default@PackageHap output file:D:\open\custom-canvas-master\custom-canvas-master\entry\build\default\outputs\default\mapping\sourceMaps.map cache.
[2026-04-21T17:01:33.873] [DEBUG] debug-file - Incremental task entry:default@PackageHap post-execution cost:9 ms .
[2026-04-21T17:01:33.873] [DEBUG] debug-file - Update task entry:default@SignHap input file:D:\open\custom-canvas-master\custom-canvas-master\entry\build\default\outputs\default\entry-default-unsigned.hap cache by regenerate.
[2026-04-21T17:01:33.873] [DEBUG] debug-file - Update task entry:default@SignHap output file:D:\open\custom-canvas-master\custom-canvas-master\entry\build\default\outputs\default\entry-default-signed.hap cache.
[2026-04-21T17:01:33.873] [DEBUG] debug-file - Incremental task entry:default@SignHap post-execution cost:1 ms .
[2026-04-21T17:01:33.874] [DEBUG] debug-file - Update task entry:default@CollectDebugSymbol input file:D:\open\custom-canvas-master\custom-canvas-master\entry\build\default\intermediates\loader_out\default\ets\sourceMaps.map cache by regenerate.
[2026-04-21T17:01:33.874] [DEBUG] debug-file - Update task entry:default@CollectDebugSymbol input file:D:\open\custom-canvas-master\custom-canvas-master\entry\build\default\intermediates\libs\default cache by regenerate.
[2026-04-21T17:01:33.874] [DEBUG] debug-file - Update task entry:default@CollectDebugSymbol output file:D:\open\custom-canvas-master\custom-canvas-master\entry\build\default\outputs\default\symbol cache.
[2026-04-21T17:01:33.874] [DEBUG] debug-file - Incremental task entry:default@CollectDebugSymbol post-execution cost:1 ms .
[2026-04-21T17:01:33.898] [DEBUG] debug-file - Cleanup worker 0.
[2026-04-21T17:01:33.898] [DEBUG] debug-file - Worker 0 has been cleaned up.
[2026-04-21T17:01:33.898] [DEBUG] debug-file - Current idle worker size: 4.
[2026-04-21T17:01:33.898] [DEBUG] debug-file - Current resident worker size: 5.
[2026-04-21T17:01:33.898] [DEBUG] debug-file - Cleanup worker 1.
[2026-04-21T17:01:33.898] [DEBUG] debug-file - Worker 1 has been cleaned up.
[2026-04-21T17:01:33.898] [DEBUG] debug-file - Current idle worker size: 3.
[2026-04-21T17:01:33.898] [DEBUG] debug-file - Current resident worker size: 5.
[2026-04-21T17:01:33.898] [DEBUG] debug-file - Cleanup worker 22.
[2026-04-21T17:01:33.898] [DEBUG] debug-file - Worker 22 has been cleaned up.
[2026-04-21T17:01:33.898] [DEBUG] debug-file - Current idle worker size: 2.
[2026-04-21T17:01:33.898] [DEBUG] debug-file - Current resident worker size: 5.
[2026-04-21T17:01:33.898] [DEBUG] debug-file - Cleanup worker 21.
[2026-04-21T17:01:33.898] [DEBUG] debug-file - Worker 21 has been cleaned up.
[2026-04-21T17:01:33.898] [DEBUG] debug-file - Current idle worker size: 1.
[2026-04-21T17:01:33.898] [DEBUG] debug-file - Current resident worker size: 5.
[2026-04-21T17:01:33.900] [DEBUG] debug-file - hvigor build process will be closed.
[2026-04-21T17:01:33.901] [DEBUG] debug-file - java daemon socket close code:1000 reason:close by user
[2026-04-21T17:01:33.902] [DEBUG] debug-file - session manager: send message to worker process.
[2026-04-21T17:01:33.903] [DEBUG] debug-file - session manager: send message to worker process.
[2026-04-21T17:01:33.902] [DEBUG] debug-file - worker[0] exits with exit code 1.
[2026-04-21T17:01:33.902] [DEBUG] debug-file - worker[1] exits with exit code 1.
[2026-04-21T17:01:33.903] [DEBUG] debug-file - watch worker: worker id should be larger than 0. Nothing will be sent to any worker thread.
[2026-04-21T17:01:33.903] [DEBUG] debug-file - watch worker: worker id should be larger than 0. Nothing will be sent to any worker thread.
[2026-04-21T17:01:33.907] [DEBUG] debug-file - worker[22] exits with exit code 1.
[2026-04-21T17:01:33.908] [DEBUG] debug-file - worker[21] exits with exit code 1.
